  BoxCollider.cpp
  Game.cpp
  GameState.cpp
  MenuState.cpp
  Monster.cpp
C:\Users\maczo\OneDrive\Desktop\Assigments\year1\Assingment3-witcher\practise01.02\practise01.02\GameObject.h(3,10): fatal error C1083: Cannot open include file: 'SDL.h': No such file or directory
  GameObject.cpp
C:\Users\maczo\OneDrive\Desktop\Assigments\year1\Assingment3-witcher\practise01.02\practise01.02\GameObject.h(3,10): fatal error C1083: Cannot open include file: 'SDL.h': No such file or directory
  HealthBar.cpp
C:\Users\maczo\OneDrive\Desktop\Assigments\year1\Assingment3-witcher\practise01.02\practise01.02\Sprite.h(3,10): fatal error C1083: Cannot open include file: 'SDL.h': No such file or directory
  InGame.cpp
C:\Users\maczo\OneDrive\Desktop\Assigments\year1\Assingment3-witcher\practise01.02\practise01.02\GameObject.h(3,10): fatal error C1083: Cannot open include file: 'SDL.h': No such file or directory
  Input.cpp
C:\Users\maczo\OneDrive\Desktop\Assigments\year1\Assingment3-witcher\practise01.02\practise01.02\Input.h(2,10): fatal error C1083: Cannot open include file: 'SDL.h': No such file or directory
  Main.cpp
C:\Users\maczo\OneDrive\Desktop\Assigments\year1\Assingment3-witcher\practise01.02\practise01.02\GameObject.h(3,10): fatal error C1083: Cannot open include file: 'SDL.h': No such file or directory
  PlayState.cpp
  Score.cpp
C:\Users\maczo\OneDrive\Desktop\Assigments\year1\Assingment3-witcher\practise01.02\practise01.02\GameObject.h(3,10): fatal error C1083: Cannot open include file: 'SDL.h': No such file or directory
  Sprite.cpp
C:\Users\maczo\OneDrive\Desktop\Assigments\year1\Assingment3-witcher\practise01.02\practise01.02\Sprite.h(3,10): fatal error C1083: Cannot open include file: 'SDL.h': No such file or directory
  Music.cpp
C:\Users\maczo\OneDrive\Desktop\Assigments\year1\Assingment3-witcher\practise01.02\practise01.02\Music.h(3,10): fatal error C1083: Cannot open include file: 'SDL_mixer.h': No such file or directory
  PlayButton.cpp
C:\Users\maczo\OneDrive\Desktop\Assigments\year1\Assingment3-witcher\practise01.02\practise01.02\GameObject.h(3,10): fatal error C1083: Cannot open include file: 'SDL.h': No such file or directory
  Player.cpp
C:\Users\maczo\OneDrive\Desktop\Assigments\year1\Assingment3-witcher\practise01.02\practise01.02\GameObject.h(3,10): fatal error C1083: Cannot open include file: 'SDL.h': No such file or directory
  RestartButton.cpp
C:\Users\maczo\OneDrive\Desktop\Assigments\year1\Assingment3-witcher\practise01.02\practise01.02\GameObject.h(3,10): fatal error C1083: Cannot open include file: 'SDL.h': No such file or directory
  SDLText.cpp
C:\Users\maczo\OneDrive\Desktop\Assigments\year1\Assingment3-witcher\practise01.02\practise01.02\SDLText.h(2,10): fatal error C1083: Cannot open include file: 'SDL.h': No such file or directory
  Sound.cpp
C:\Users\maczo\OneDrive\Desktop\Assigments\year1\Assingment3-witcher\practise01.02\practise01.02\Sound.h(3,10): fatal error C1083: Cannot open include file: 'SDL_mixer.h': No such file or directory
  Item.cpp
C:\Users\maczo\OneDrive\Desktop\Assigments\year1\Assingment3-witcher\practise01.02\practise01.02\GameObject.h(3,10): fatal error C1083: Cannot open include file: 'SDL.h': No such file or directory
  Generating Code...
C:\Users\maczo\OneDrive\Desktop\Assigments\year1\Assingment3-witcher\practise01.02\practise01.02\Game.cpp(39): warning C4715: 'Game::Run': not all control paths return a value
  Compiling...
  Vector2D.cpp
  Window.cpp
C:\Users\maczo\OneDrive\Desktop\Assigments\year1\Assingment3-witcher\practise01.02\practise01.02\Window.h(4,10): fatal error C1083: Cannot open include file: 'SDL.h': No such file or directory
  Generating Code...
