C:\Program Files (x86)\Microsoft Visual Studio\2019\Community\MSBuild\Microsoft\VC\v160\Microsoft.CppBuild.targets(513,5): warning MSB8028: The intermediate directory (Release\) contains files shared from another project (practise01.02.vcxproj).  This can lead to incorrect clean and rebuild behavior.
  BoxCollider.cpp
  enemy.cpp
  GameObject.cpp
  HealthBar.cpp
C:\Users\maczo\OneDrive\Desktop\Assingment3\practise01.02\practise01.02\HealthBar.cpp(23,47): warning C4244: 'argument': conversion from 'float' to 'int', possible loss of data
  Input.cpp
  Main.cpp
  Score.cpp
  Sprite.cpp
C:\Users\maczo\OneDrive\Desktop\Assingment3\practise01.02\practise01.02\Sprite.cpp(120,40): warning C4838: conversion from 'float' to 'int' requires a narrowing conversion
C:\Users\maczo\OneDrive\Desktop\Assingment3\practise01.02\practise01.02\Sprite.cpp(120,40): warning C4244: 'initializing': conversion from 'float' to 'int', possible loss of data
C:\Users\maczo\OneDrive\Desktop\Assingment3\practise01.02\practise01.02\Sprite.cpp(120,68): warning C4838: conversion from 'float' to 'int' requires a narrowing conversion
C:\Users\maczo\OneDrive\Desktop\Assingment3\practise01.02\practise01.02\Sprite.cpp(120,68): warning C4244: 'initializing': conversion from 'float' to 'int', possible loss of data
  Music.cpp
  PlayButton.cpp
  Player.cpp
  RestartButton.cpp
  SDLText.cpp
  Sound.cpp
  Star.cpp
  Vector2D.cpp
  window.cpp
  Generating code
  Previous IPDB not found, fall back to full compilation.
  All 227 functions were compiled because no usable IPDB/IOBJ from previous compilation was found.
  Finished generating code
  practise01.02.vcxproj -> C:\Users\maczo\OneDrive\Desktop\Assingment3\practise01.02\Release\assignment2.exe
